<?xml version="1.0" encoding="UTF-8"?>
<!-- Generated by org.testng.reporters.JUnitReportReporter -->
<testsuite hostname="4MMYDV2" failures="0" tests="1" name="com.zinnia.tests.AN4FedilityScenarios" time="10.854" errors="0" timestamp="2024-06-18T09:48:35 IST" skipped="0">
  <testcase classname="com.zinnia.tests.AN4FedilityScenarios" name="fidelity_PNCInvestmentInc" time="10.854"/>
</testsuite> <!-- com.zinnia.tests.AN4FedilityScenarios -->
