<?xml version="1.0" encoding="UTF-8"?>
<!-- Generated by org.testng.reporters.JUnitReportReporter -->
<testsuite hostname="4MMYDV2" failures="0" tests="1" name="com.zinnia.tests.AN4FiliTrust" time="460.932" errors="0" timestamp="2024-06-24T16:45:21 IST" skipped="0">
  <testcase classname="com.zinnia.tests.AN4FiliTrust" name="fili_Trust" time="460.932"/>
</testsuite> <!-- com.zinnia.tests.AN4FiliTrust -->
